This is pdfTeX, Version 3.141592653-2.6-1.40.22 (TeX Live 2021) (preloaded format=pdflatex 2021.6.23)  6 FEB 2023 12:49
entering extended mode
 restricted \write18 enabled.
 file:line:error style messages enabled.
 %&-line parsing enabled.
**/Users/hongliu/Desktop/LiuHong_Prelim/thesis-ex.tex
(/Users/hongliu/Desktop/LiuHong_Prelim/thesis-ex.tex
LaTeX2e <2021-06-01> patch level 1
L3 programming layer <2021-06-18> (./uiucthesis.cls
Document Class: uiucthesis 2005/03/25\ v2.25\ UIUC Thesis (PJC)
(/usr/local/texlive/2021/texmf-dist/tex/latex/setspace/setspace.sty
Package: setspace 2011/12/19 v6.7a set line spacing
) (/usr/local/texlive/2021/texmf-dist/tex/latex/base/book.cls
Document Class: book 2021/02/12 v1.4n Standard LaTeX document class
(/usr/local/texlive/2021/texmf-dist/tex/latex/base/bk10.clo
File: bk10.clo 2021/02/12 v1.4n Standard LaTeX file (size option)
)
\c@part=\count182
\c@chapter=\count183
\c@section=\count184
\c@subsection=\count185
\c@subsubsection=\count186
\c@paragraph=\count187
\c@subparagraph=\count188
\c@figure=\count189
\c@table=\count190
\abovecaptionskip=\skip47
\belowcaptionskip=\skip48
\bibindent=\dimen138
)
\timehh=\count191
\timemm=\count192
\thesis@chapskip=\skip49
\chaptertitleheight=\skip50
) (/usr/local/texlive/2021/texmf-dist/tex/latex/natbib/natbib.sty
Package: natbib 2010/09/13 8.31b (PWD, AO)
\bibhang=\skip51
\bibsep=\skip52
LaTeX Info: Redefining \cite on input line 694.
\c@NAT@ctr=\count193
) (/usr/local/texlive/2021/texmf-dist/tex/latex/hyperref/hyperref.sty
Package: hyperref 2021-06-07 v7.00m Hypertext links for LaTeX
 (/usr/local/texlive/2021/texmf-dist/tex/generic/ltxcmds/ltxcmds.sty
Package: ltxcmds 2020-05-10 v1.25 LaTeX kernel commands for general use (HO)
) (/usr/local/texlive/2021/texmf-dist/tex/generic/iftex/iftex.sty
Package: iftex 2020/03/06 v1.0d TeX engine tests
) (/usr/local/texlive/2021/texmf-dist/tex/generic/pdftexcmds/pdftexcmds.sty
Package: pdftexcmds 2020-06-27 v0.33 Utility functions of pdfTeX for LuaTeX (HO)
 (/usr/local/texlive/2021/texmf-dist/tex/generic/infwarerr/infwarerr.sty
Package: infwarerr 2019/12/03 v1.5 Providing info/warning/error messages (HO)
)
Package pdftexcmds Info: \pdf@primitive is available.
Package pdftexcmds Info: \pdf@ifprimitive is available.
Package pdftexcmds Info: \pdfdraftmode found.
) (/usr/local/texlive/2021/texmf-dist/tex/latex/graphics/keyval.sty
Package: keyval 2014/10/28 v1.15 key=value parser (DPC)
\KV@toks@=\toks16
) (/usr/local/texlive/2021/texmf-dist/tex/generic/kvsetkeys/kvsetkeys.sty
Package: kvsetkeys 2019/12/15 v1.18 Key value parser (HO)
) (/usr/local/texlive/2021/texmf-dist/tex/generic/kvdefinekeys/kvdefinekeys.sty
Package: kvdefinekeys 2019-12-19 v1.6 Define keys (HO)
) (/usr/local/texlive/2021/texmf-dist/tex/generic/pdfescape/pdfescape.sty
Package: pdfescape 2019/12/09 v1.15 Implements pdfTeX's escape features (HO)
) (/usr/local/texlive/2021/texmf-dist/tex/latex/hycolor/hycolor.sty
Package: hycolor 2020-01-27 v1.10 Color options for hyperref/bookmark (HO)
) (/usr/local/texlive/2021/texmf-dist/tex/latex/letltxmacro/letltxmacro.sty
Package: letltxmacro 2019/12/03 v1.6 Let assignment for LaTeX macros (HO)
) (/usr/local/texlive/2021/texmf-dist/tex/latex/auxhook/auxhook.sty
Package: auxhook 2019-12-17 v1.6 Hooks for auxiliary files (HO)
) (/usr/local/texlive/2021/texmf-dist/tex/latex/kvoptions/kvoptions.sty
Package: kvoptions 2020-10-07 v3.14 Key value format for package options (HO)
)
\@linkdim=\dimen139
\Hy@linkcounter=\count194
\Hy@pagecounter=\count195
 (/usr/local/texlive/2021/texmf-dist/tex/latex/hyperref/pd1enc.def
File: pd1enc.def 2021-06-07 v7.00m Hyperref: PDFDocEncoding definition (HO)
Now handling font encoding PD1 ...
... no UTF-8 mapping file for font encoding PD1
) (/usr/local/texlive/2021/texmf-dist/tex/latex/hyperref/hyperref-langpatches.def
File: hyperref-langpatches.def 2021-06-07 v7.00m Hyperref: patches for babel languages
) (/usr/local/texlive/2021/texmf-dist/tex/generic/intcalc/intcalc.sty
Package: intcalc 2019/12/15 v1.3 Expandable calculations with integers (HO)
) (/usr/local/texlive/2021/texmf-dist/tex/generic/etexcmds/etexcmds.sty
Package: etexcmds 2019/12/15 v1.7 Avoid name clashes with e-TeX commands (HO)
)
\Hy@SavedSpaceFactor=\count196
 (/usr/local/texlive/2021/texmf-dist/tex/latex/hyperref/puenc.def
File: puenc.def 2021-06-07 v7.00m Hyperref: PDF Unicode definition (HO)
Now handling font encoding PU ...
... no UTF-8 mapping file for font encoding PU
)
Package hyperref Info: Hyper figures OFF on input line 4192.
Package hyperref Info: Link nesting OFF on input line 4197.
Package hyperref Info: Hyper index ON on input line 4200.
Package hyperref Info: Plain pages OFF on input line 4207.
Package hyperref Info: Backreferencing OFF on input line 4212.
Package hyperref Info: Implicit mode ON; LaTeX internals redefined.
Package hyperref Info: Bookmarks ON on input line 4445.
\c@Hy@tempcnt=\count197
 (/usr/local/texlive/2021/texmf-dist/tex/latex/url/url.sty
\Urlmuskip=\muskip16
Package: url 2013/09/16  ver 3.4  Verb mode for urls, etc.
)
LaTeX Info: Redefining \url on input line 4804.
\XeTeXLinkMargin=\dimen140
 (/usr/local/texlive/2021/texmf-dist/tex/generic/bitset/bitset.sty
Package: bitset 2019/12/09 v1.3 Handle bit-vector datatype (HO)
 (/usr/local/texlive/2021/texmf-dist/tex/generic/bigintcalc/bigintcalc.sty
Package: bigintcalc 2019/12/15 v1.5 Expandable calculations on big integers (HO)
))
\Fld@menulength=\count198
\Field@Width=\dimen141
\Fld@charsize=\dimen142
Package hyperref Info: Hyper figures OFF on input line 6076.
Package hyperref Info: Link nesting OFF on input line 6081.
Package hyperref Info: Hyper index ON on input line 6084.
Package hyperref Info: backreferencing OFF on input line 6091.
Package hyperref Info: Link coloring OFF on input line 6096.
Package hyperref Info: Link coloring with OCG OFF on input line 6101.
Package hyperref Info: PDF/A mode OFF on input line 6106.
LaTeX Info: Redefining \ref on input line 6146.
LaTeX Info: Redefining \pageref on input line 6150.
 (/usr/local/texlive/2021/texmf-dist/tex/latex/base/atbegshi-ltx.sty
Package: atbegshi-ltx 2021/01/10 v1.0c Emulation of the original atbegshi
package with kernel methods
)
\Hy@abspage=\count199
\c@Item=\count266
\c@Hfootnote=\count267
)
Package hyperref Info: Driver (autodetected): hpdftex.
 (/usr/local/texlive/2021/texmf-dist/tex/latex/hyperref/hpdftex.def
File: hpdftex.def 2021-06-07 v7.00m Hyperref driver for pdfTeX
 (/usr/local/texlive/2021/texmf-dist/tex/latex/base/atveryend-ltx.sty
Package: atveryend-ltx 2020/08/19 v1.0a Emulation of the original atvery package
with kernel methods
)
\Fld@listcount=\count268
\c@bookmark@seq@number=\count269
 (/usr/local/texlive/2021/texmf-dist/tex/latex/rerunfilecheck/rerunfilecheck.sty
Package: rerunfilecheck 2019/12/05 v1.9 Rerun checks for auxiliary files (HO)
 (/usr/local/texlive/2021/texmf-dist/tex/generic/uniquecounter/uniquecounter.sty
Package: uniquecounter 2019/12/15 v1.4 Provide unlimited unique counter (HO)
)
Package uniquecounter Info: New unique counter `rerunfilecheck' on input line 286.
)
\Hy@SectionHShift=\skip53
) (/usr/local/texlive/2021/texmf-dist/tex/latex/graphics/graphicx.sty
Package: graphicx 2020/12/05 v1.2c Enhanced LaTeX Graphics (DPC,SPQR)
 (/usr/local/texlive/2021/texmf-dist/tex/latex/graphics/graphics.sty
Package: graphics 2021/03/04 v1.4d Standard LaTeX Graphics (DPC,SPQR)
 (/usr/local/texlive/2021/texmf-dist/tex/latex/graphics/trig.sty
Package: trig 2016/01/03 v1.10 sin cos tan (DPC)
) (/usr/local/texlive/2021/texmf-dist/tex/latex/graphics-cfg/graphics.cfg
File: graphics.cfg 2016/06/04 v1.11 sample graphics configuration
)
Package graphics Info: Driver file: pdftex.def on input line 107.
 (/usr/local/texlive/2021/texmf-dist/tex/latex/graphics-def/pdftex.def
File: pdftex.def 2020/10/05 v1.2a Graphics/color driver for pdftex
))
\Gin@req@height=\dimen143
\Gin@req@width=\dimen144
) (/usr/local/texlive/2021/texmf-dist/tex/latex/etoolbox/etoolbox.sty
Package: etoolbox 2020/10/05 v2.5k e-TeX tools for LaTeX (JAW)
\etb@tempcnta=\count270
) (/usr/local/texlive/2021/texmf-dist/tex/latex/l3backend/l3backend-pdftex.def
File: l3backend-pdftex.def 2021-05-07 L3 backend support: PDF output (pdfTeX)
\l__color_backend_stack_int=\count271
\l__pdf_internal_box=\box50
) (./thesis-ex.aux)
\openout1 = `thesis-ex.aux'.

LaTeX Font Info:    Checking defaults for OML/cmm/m/it on input line 16.
LaTeX Font Info:    ... okay on input line 16.
LaTeX Font Info:    Checking defaults for OMS/cmsy/m/n on input line 16.
LaTeX Font Info:    ... okay on input line 16.
LaTeX Font Info:    Checking defaults for OT1/cmr/m/n on input line 16.
LaTeX Font Info:    ... okay on input line 16.
LaTeX Font Info:    Checking defaults for T1/cmr/m/n on input line 16.
LaTeX Font Info:    ... okay on input line 16.
LaTeX Font Info:    Checking defaults for TS1/cmr/m/n on input line 16.
LaTeX Font Info:    ... okay on input line 16.
LaTeX Font Info:    Checking defaults for OMX/cmex/m/n on input line 16.
LaTeX Font Info:    ... okay on input line 16.
LaTeX Font Info:    Checking defaults for U/cmr/m/n on input line 16.
LaTeX Font Info:    ... okay on input line 16.
LaTeX Font Info:    Checking defaults for PD1/pdf/m/n on input line 16.
LaTeX Font Info:    ... okay on input line 16.
LaTeX Font Info:    Checking defaults for PU/pdf/m/n on input line 16.
LaTeX Font Info:    ... okay on input line 16.
\chapternumberheight=\dimen145
Package hyperref Info: Link coloring OFF on input line 16.
 (/usr/local/texlive/2021/texmf-dist/tex/latex/hyperref/nameref.sty
Package: nameref 2021-04-02 v2.47 Cross-referencing by name of section
 (/usr/local/texlive/2021/texmf-dist/tex/latex/refcount/refcount.sty
Package: refcount 2019/12/15 v3.6 Data extraction from label references (HO)
) (/usr/local/texlive/2021/texmf-dist/tex/generic/gettitlestring/gettitlestring.sty
Package: gettitlestring 2019/12/15 v1.6 Cleanup title references (HO)
)
\c@section@level=\count272
)
LaTeX Info: Redefining \ref on input line 16.
LaTeX Info: Redefining \pageref on input line 16.
LaTeX Info: Redefining \nameref on input line 16.
 (./thesis-ex.out) (./thesis-ex.out)
\@outlinefile=\write3
\openout3 = `thesis-ex.out'.

 (/usr/local/texlive/2021/texmf-dist/tex/context/base/mkii/supp-pdf.mkii
[Loading MPS to PDF converter (version 2006.09.02).]
\scratchcounter=\count273
\scratchdimen=\dimen146
\scratchbox=\box51
\nofMPsegments=\count274
\nofMParguments=\count275
\everyMPshowfont=\toks17
\MPscratchCnt=\count276
\MPscratchDim=\dimen147
\MPnumerator=\count277
\makeMPintoPDFobject=\count278
\everyMPtoPDFconversion=\toks18
) (/usr/local/texlive/2021/texmf-dist/tex/latex/epstopdf-pkg/epstopdf-base.sty
Package: epstopdf-base 2020-01-24 v2.11 Base part for package epstopdf
Package epstopdf-base Info: Redefining graphics rule for `.eps' on input line 485.
 (/usr/local/texlive/2021/texmf-dist/tex/latex/latexconfig/epstopdf-sys.cfg
File: epstopdf-sys.cfg 2010/07/13 v1.3 Configuration of (r)epstopdf for TeX Live
))
\thesis@dim=\dimen148
LaTeX Font Info:    External font `cmex10' loaded for size
(Font)              <12> on input line 27.
LaTeX Font Info:    External font `cmex10' loaded for size
(Font)              <8> on input line 27.
LaTeX Font Info:    External font `cmex10' loaded for size
(Font)              <6> on input line 27.
 [1

{/usr/local/texlive/2021/texmf-var/fonts/map/pdftex/updmap/pdftex.map}] (./thesis-ex.toc
LaTeX Font Info:    External font `cmex10' loaded for size
(Font)              <7> on input line 1.
LaTeX Font Info:    External font `cmex10' loaded for size
(Font)              <5> on input line 1.
)
\tf@toc=\write4
\openout4 = `thesis-ex.toc'.

 [3


] [4

] [5]

LaTeX Warning: Hyper reference `chapter:cm-scale' on page vi undefined on input line 108.

[6] [7]
Package epstopdf Info: Source file: <FIG/DLT.eps>
(epstopdf)                    date: 2023-02-01 11:30:55
(epstopdf)                    size: 1325986 bytes
(epstopdf)             Output file: <FIG/DLT-eps-converted-to.pdf>
(epstopdf)                    date: 2023-02-01 12:20:16
(epstopdf)                    size: 17171 bytes
(epstopdf)             Command: <repstopdf --outfile=FIG/DLT-eps-converted-to.pdf FIG/DLT.eps>
(epstopdf)             \includegraphics on input line 157.
Package epstopdf Info: Output file is already uptodate.
<FIG/DLT-eps-converted-to.pdf, id=232, 547.04375pt x 576.1525pt>
File: FIG/DLT-eps-converted-to.pdf Graphic file (type pdf)
<use FIG/DLT-eps-converted-to.pdf>
Package pdftex.def Info: FIG/DLT-eps-converted-to.pdf  used on input line 157.
(pdftex.def)             Requested size: 281.40286pt x 296.37459pt.
 [8 <./FIG/DLT-eps-converted-to.pdf>]
Package epstopdf Info: Source file: <fig/LFM.eps>
(epstopdf)                    date: 2023-02-02 19:34:34
(epstopdf)                    size: 717518 bytes
(epstopdf)             Output file: <fig/LFM-eps-converted-to.pdf>
(epstopdf)                    date: 2023-02-03 14:15:54
(epstopdf)                    size: 48218 bytes
(epstopdf)             Command: <repstopdf --outfile=fig/LFM-eps-converted-to.pdf fig/LFM.eps>
(epstopdf)             \includegraphics on input line 177.
Package epstopdf Info: Output file is already uptodate.
<fig/LFM-eps-converted-to.pdf, id=256, 308.15125pt x 134.5025pt>
File: fig/LFM-eps-converted-to.pdf Graphic file (type pdf)
<use fig/LFM-eps-converted-to.pdf>
Package pdftex.def Info: fig/LFM-eps-converted-to.pdf  used on input line 177.
(pdftex.def)             Requested size: 469.0pt x 204.725pt.


LaTeX Warning: `h' float specifier changed to `ht'.

[9] [10 <./fig/LFM-eps-converted-to.pdf>]

LaTeX Warning: Command \textquoteright invalid in math mode on input line 214.


LaTeX Warning: Command \textquoteright invalid in math mode on input line 214.

Package epstopdf Info: Source file: <fig/figure2.eps>
(epstopdf)                    date: 2023-02-02 19:34:36
(epstopdf)                    size: 1209346 bytes
(epstopdf)             Output file: <fig/figure2-eps-converted-to.pdf>
(epstopdf)                    date: 2023-02-03 14:15:55
(epstopdf)                    size: 84400 bytes
(epstopdf)             Command: <repstopdf --outfile=fig/figure2-eps-converted-to.pdf fig/figure2.eps>
(epstopdf)             \includegraphics on input line 222.
Package epstopdf Info: Output file is already uptodate.
<fig/figure2-eps-converted-to.pdf, id=291, 324.21124pt x 117.43875pt>
File: fig/figure2-eps-converted-to.pdf Graphic file (type pdf)
<use fig/figure2-eps-converted-to.pdf>
Package pdftex.def Info: fig/figure2-eps-converted-to.pdf  used on input line 222.
(pdftex.def)             Requested size: 328.29857pt x 118.92757pt.
Package epstopdf Info: Source file: <fig/figure3.eps>
(epstopdf)                    date: 2023-02-02 19:34:34
(epstopdf)                    size: 1816474 bytes
(epstopdf)             Output file: <fig/figure3-eps-converted-to.pdf>
(epstopdf)                    date: 2023-02-03 14:15:56
(epstopdf)                    size: 114896 bytes
(epstopdf)             Command: <repstopdf --outfile=fig/figure3-eps-converted-to.pdf fig/figure3.eps>
(epstopdf)             \includegraphics on input line 229.
Package epstopdf Info: Output file is already uptodate.
<fig/figure3-eps-converted-to.pdf, id=292, 248.93pt x 219.82124pt>
File: fig/figure3-eps-converted-to.pdf Graphic file (type pdf)
<use fig/figure3-eps-converted-to.pdf>
Package pdftex.def Info: fig/figure3-eps-converted-to.pdf  used on input line 229.
(pdftex.def)             Requested size: 328.29857pt x 289.93347pt.

LaTeX Warning: `h' float specifier changed to `ht'.

Package epstopdf Info: Source file: <fig/figure4.eps>
(epstopdf)                    date: 2023-02-02 19:34:34
(epstopdf)                    size: 604374 bytes
(epstopdf)             Output file: <fig/figure4-eps-converted-to.pdf>
(epstopdf)                    date: 2023-02-03 14:15:57
(epstopdf)                    size: 35955 bytes
(epstopdf)             Command: <repstopdf --outfile=fig/figure4-eps-converted-to.pdf fig/figure4.eps>
(epstopdf)             \includegraphics on input line 237.
Package epstopdf Info: Output file is already uptodate.
<fig/figure4-eps-converted-to.pdf, id=299, 305.14pt x 84.315pt>
File: fig/figure4-eps-converted-to.pdf Graphic file (type pdf)
<use fig/figure4-eps-converted-to.pdf>
Package pdftex.def Info: fig/figure4-eps-converted-to.pdf  used on input line 237.
(pdftex.def)             Requested size: 375.20143pt x 103.6785pt.
<fig/figure5.jpg, id=300, 299.1978pt x 170.3163pt>
File: fig/figure5.jpg Graphic file (type jpg)
<use fig/figure5.jpg>
Package pdftex.def Info: fig/figure5.jpg  used on input line 242.
(pdftex.def)             Requested size: 375.20143pt x 213.58612pt.
[11 <./fig/figure2-eps-converted-to.pdf>]

LaTeX Warning: `h' float specifier changed to `ht'.


LaTeX Warning: `h' float specifier changed to `ht'.

[12 <./fig/figure3-eps-converted-to.pdf>] [13 <./fig/figure4-eps-converted-to.pdf> <./fig/figure5.jpg>] [14]
<fig/figure6.jpg, id=387, 307.8702pt x 131.0496pt>
File: fig/figure6.jpg Graphic file (type jpg)
<use fig/figure6.jpg>
Package pdftex.def Info: fig/figure6.jpg  used on input line 294.
(pdftex.def)             Requested size: 375.20143pt x 159.72229pt.


LaTeX Warning: `h' float specifier changed to `ht'.

[15]
<fig/figure8.jpg, id=400, 300.8841pt x 185.2521pt>
File: fig/figure8.jpg Graphic file (type jpg)
<use fig/figure8.jpg>
Package pdftex.def Info: fig/figure8.jpg  used on input line 309.
(pdftex.def)             Requested size: 328.29857pt x 202.13562pt.
 [16 <./fig/figure6.jpg> <./fig/figure8.jpg>]
<fig/ZoomLens_Setup.png, id=407, 722.7pt x 377.118pt>
File: fig/ZoomLens_Setup.png Graphic file (type png)
<use fig/ZoomLens_Setup.png>
Package pdftex.def Info: fig/ZoomLens_Setup.png  used on input line 318.
(pdftex.def)             Requested size: 328.29857pt x 171.31274pt.
<fig/GPU.png, id=411, 722.7pt x 282.948pt>
File: fig/GPU.png Graphic file (type png)
<use fig/GPU.png>
Package pdftex.def Info: fig/GPU.png  used on input line 330.
(pdftex.def)             Requested size: 422.09714pt x 165.25838pt.
 [17 <./fig/ZoomLens_Setup.png>]
<python/running_time.png, id=418, 433.62pt x 289.08pt>
File: python/running_time.png Graphic file (type png)
<use python/running_time.png>
Package pdftex.def Info: python/running_time.png  used on input line 336.
(pdftex.def)             Requested size: 328.29857pt x 218.87822pt.


LaTeX Warning: `h' float specifier changed to `ht'.

<fig/CompareOP.png, id=422, 1368.11125pt x 526.96875pt>
File: fig/CompareOP.png Graphic file (type png)
<use fig/CompareOP.png>
Package pdftex.def Info: fig/CompareOP.png  used on input line 346.
(pdftex.def)             Requested size: 422.09714pt x 162.57864pt.
[18 <./fig/GPU.png>]
<fig/figure7.jpg, id=434, 400.8576pt x 108.405pt>
File: fig/figure7.jpg Graphic file (type jpg)
<use fig/figure7.jpg>
Package pdftex.def Info: fig/figure7.jpg  used on input line 351.
(pdftex.def)             Requested size: 469.0pt x 126.83662pt.


LaTeX Warning: `h' float specifier changed to `ht'.

<fig/modern_lens_design.png, id=438, 532.99126pt x 425.59pt>
File: fig/modern_lens_design.png Graphic file (type png)
<use fig/modern_lens_design.png>
Package pdftex.def Info: fig/modern_lens_design.png  used on input line 360.
(pdftex.def)             Requested size: 328.29857pt x 262.14865pt.

LaTeX Warning: `h' float specifier changed to `ht'.

[19 <./python/running_time.png> <./fig/CompareOP.png>] [20 <./fig/figure7.jpg>] (./thesis-ex.bbl [21 <./fig/modern_lens_design.png>] [22] [23]) (./thesis-ex.aux)

LaTeX Warning: There were undefined references.

Package rerunfilecheck Info: File `thesis-ex.out' has not changed.
(rerunfilecheck)             Checksum: 81A90EC186D083BA93F35B61A35C86B9;893.
 ) 
Here is how much of TeX's memory you used:
 9063 strings out of 478510
 136007 string characters out of 5849579
 451327 words of memory out of 5000000
 26799 multiletter control sequences out of 15000+600000
 409948 words of font info for 48 fonts, out of 8000000 for 9000
 1141 hyphenation exceptions out of 8191
 60i,17n,66p,1328b,557s stack positions out of 5000i,500n,10000p,200000b,80000s
pdfTeX warning (dest): name{cite.truscott2017three} has been referenced but does not exist, replaced by a fixed one

pdfTeX warning (dest): name{cite.zhu2021pre} has been referenced but does not exist, replaced by a fixed one

pdfTeX warning (dest): name{cite.xu20173d} has been referenced but does not exist, replaced by a fixed one

pdfTeX warning (dest): name{cite.wereley2010recent} has been referenced but does not exist, replaced by a fixed one

pdfTeX warning (dest): name{cite.yoon20063d} has been referenced but does not exist, replaced by a fixed one

pdfTeX warning (dest): name{cite.tsai2007review} has been referenced but does not exist, replaced by a fixed one

pdfTeX warning (dest): name{cite.wieneke2012iterative} has been referenced but does not exist, replaced by a fixed one

</usr/local/texlive/2021/texmf-dist/fonts/type1/public/amsfonts/cm/cmbx10.pfb></usr/local/texlive/2021/texmf-dist/fonts/type1/public/amsfonts/cm/cmbx12.pfb></usr/local/texlive/2021/texmf-dist/fonts/type1/public/amsfonts/cm/cmex10.pfb></usr/local/texlive/2021/texmf-dist/fonts/type1/public/amsfonts/cm/cmmi10.pfb></usr/local/texlive/2021/texmf-dist/fonts/type1/public/amsfonts/cm/cmmi5.pfb></usr/local/texlive/2021/texmf-dist/fonts/type1/public/amsfonts/cm/cmmi7.pfb></usr/local/texlive/2021/texmf-dist/fonts/type1/public/amsfonts/cm/cmr10.pfb></usr/local/texlive/2021/texmf-dist/fonts/type1/public/amsfonts/cm/cmr12.pfb></usr/local/texlive/2021/texmf-dist/fonts/type1/public/amsfonts/cm/cmr5.pfb></usr/local/texlive/2021/texmf-dist/fonts/type1/public/amsfonts/cm/cmr7.pfb></usr/local/texlive/2021/texmf-dist/fonts/type1/public/amsfonts/cm/cmr9.pfb></usr/local/texlive/2021/texmf-dist/fonts/type1/public/amsfonts/cm/cmsl10.pfb></usr/local/texlive/2021/texmf-dist/fonts/type1/public/amsfonts/cm/cmsl12.pfb></usr/local/texlive/2021/texmf-dist/fonts/type1/public/amsfonts/cm/cmsy10.pfb></usr/local/texlive/2021/texmf-dist/fonts/type1/public/amsfonts/cm/cmsy7.pfb></usr/local/texlive/2021/texmf-dist/fonts/type1/public/amsfonts/cm/cmti10.pfb>
Output written on thesis-ex.pdf (22 pages, 3756124 bytes).
PDF statistics:
 562 PDF objects out of 1000 (max. 8388607)
 459 compressed objects within 5 object streams
 119 named destinations out of 1000 (max. 500000)
 111 words of extra memory for PDF output out of 10000 (max. 10000000)

